<?xml version="1.0" encoding="UTF-8"?>
<!-- Generated by org.testng.reporters.JUnitXMLReporter -->
<testsuite ignored="1" hostname="DESKTOP-LBLSJ3C" failures="0" tests="2" name="Test" time="0.128" errors="0" timestamp="2022-08-25T13:03:12 IST">
  <testcase classname="Testng_advantages.Disable_TC_Using_Test_Suit" name="TC1" time="0.018"/>
  <testcase classname="Testng_advantages.Disable_TC_Using_Test_Suit" name="TC3" time="0.006"/>
  <testcase classname="Testng_advantages.Disable_TC_Using_Test_Suit" name="TC2" time="0.0">
    <ignored/>
  </testcase> <!-- TC2 -->
</testsuite> <!-- Test -->
