<?xml version="1.0" encoding="UTF-8"?>
<testng-results ignored="0" total="1" passed="1" failed="0" skipped="0">
  <reporter-output>
    <line>
      <![CDATA[open the browser]]>
    </line>
    <line>
      <![CDATA[Login to application]]>
    </line>
    <line>
      <![CDATA[Verify user ID]]>
    </line>
    <line>
      <![CDATA[Logout the application]]>
    </line>
    <line>
      <![CDATA[Close the Browser]]>
    </line>
  </reporter-output>
  <suite started-at="2022-08-27T19:50:32 IST" name="Default suite" finished-at="2022-08-27T19:50:33 IST" duration-ms="486">
    <groups>
    </groups>
    <test started-at="2022-08-27T19:50:32 IST" name="Default test" finished-at="2022-08-27T19:50:33 IST" duration-ms="486">
      <class name="Testng_advantages.Annotations">
        <test-method is-config="true" signature="Openbrowser()[pri:0, instance:Testng_advantages.Annotations@f0da945]" started-at="2022-08-27T19:50:33 IST" name="Openbrowser" finished-at="2022-08-27T19:50:33 IST" duration-ms="69" status="PASS">
          <reporter-output>
            <line>
              <![CDATA[open the browser]]>
            </line>
          </reporter-output>
        </test-method> <!-- Openbrowser -->
        <test-method is-config="true" signature="LoginApplication()[pri:0, instance:Testng_advantages.Annotations@f0da945]" started-at="2022-08-27T19:50:33 IST" name="LoginApplication" finished-at="2022-08-27T19:50:33 IST" duration-ms="6" status="PASS">
          <reporter-output>
            <line>
              <![CDATA[Login to application]]>
            </line>
          </reporter-output>
        </test-method> <!-- LoginApplication -->
        <test-method signature="VerifyUserId()[pri:0, instance:Testng_advantages.Annotations@f0da945]" started-at="2022-08-27T19:50:33 IST" name="VerifyUserId" finished-at="2022-08-27T19:50:33 IST" duration-ms="63" status="PASS">
          <reporter-output>
            <line>
              <![CDATA[Verify user ID]]>
            </line>
          </reporter-output>
        </test-method> <!-- VerifyUserId -->
        <test-method is-config="true" signature="Logout()[pri:0, instance:Testng_advantages.Annotations@f0da945]" started-at="2022-08-27T19:50:33 IST" name="Logout" finished-at="2022-08-27T19:50:33 IST" duration-ms="2" status="PASS">
          <reporter-output>
            <line>
              <![CDATA[Logout the application]]>
            </line>
          </reporter-output>
        </test-method> <!-- Logout -->
        <test-method is-config="true" signature="closeBrowser()[pri:0, instance:Testng_advantages.Annotations@f0da945]" started-at="2022-08-27T19:50:33 IST" name="closeBrowser" finished-at="2022-08-27T19:50:33 IST" duration-ms="6" status="PASS">
          <reporter-output>
            <line>
              <![CDATA[Close the Browser]]>
            </line>
          </reporter-output>
        </test-method> <!-- closeBrowser -->
      </class> <!-- Testng_advantages.Annotations -->
    </test> <!-- Default test -->
  </suite> <!-- Default suite -->
</testng-results>
